2014-12-28 18:11:03,880 - Log4JLogChute initialized using file 'velocity.log'
2014-12-28 18:11:03,881 - Initializing Velocity, Calling init()...
2014-12-28 18:11:03,881 - Starting Apache Velocity v1.7 (compiled: 2010-11-19 12:14:37)
2014-12-28 18:11:03,881 - Default Properties File: org\apache\velocity\runtime\defaults\velocity.properties
2014-12-28 18:11:03,881 - Trying to use logger class org.apache.velocity.runtime.log.AvalonLogChute
2014-12-28 18:11:03,881 - Target log system for org.apache.velocity.runtime.log.AvalonLogChute is not available (java.lang.NoClassDefFoundError: org/apache/log/format/Formatter).  Falling back to next log system...
2014-12-28 18:11:03,881 - Trying to use logger class org.apache.velocity.runtime.log.Log4JLogChute
2014-12-28 18:11:03,881 - Using logger class org.apache.velocity.runtime.log.Log4JLogChute
2014-12-28 18:11:03,884 - ResourceLoader instantiated: org.apache.velocity.runtime.resource.loader.ClasspathResourceLoader
2014-12-28 18:11:03,898 - ResourceCache: initialized (class org.apache.velocity.runtime.resource.ResourceCacheImpl) with class java.util.Collections$SynchronizedMap cache map.
2014-12-28 18:11:03,900 - Loaded System Directive: org.apache.velocity.runtime.directive.Stop
2014-12-28 18:11:03,902 - Loaded System Directive: org.apache.velocity.runtime.directive.Define
2014-12-28 18:11:03,902 - Loaded System Directive: org.apache.velocity.runtime.directive.Break
2014-12-28 18:11:03,903 - Loaded System Directive: org.apache.velocity.runtime.directive.Evaluate
2014-12-28 18:11:03,904 - Loaded System Directive: org.apache.velocity.runtime.directive.Literal
2014-12-28 18:11:03,906 - Loaded System Directive: org.apache.velocity.runtime.directive.Macro
2014-12-28 18:11:03,907 - Loaded System Directive: org.apache.velocity.runtime.directive.Parse
2014-12-28 18:11:03,909 - Loaded System Directive: org.apache.velocity.runtime.directive.Include
2014-12-28 18:11:03,910 - Loaded System Directive: org.apache.velocity.runtime.directive.Foreach
2014-12-28 18:11:03,949 - Created '20' parsers.
2014-12-28 18:11:03,957 - Velocimacro : "velocimacro.library" is not set.  Trying default library: VM_global_library.vm
2014-12-28 18:11:03,958 - Velocimacro : adding VMs from VM library : VM_global_library.vm
2014-12-28 18:11:03,965 - ResourceManager : found VM_global_library.vm with loader org.apache.velocity.runtime.resource.loader.ClasspathResourceLoader
2014-12-28 18:11:03,966 - Velocimacro : allowInline = true : VMs can be defined inline in templates
2014-12-28 18:11:03,966 - Velocimacro : allowInlineToOverride = false : VMs defined inline may NOT replace previous VM definitions
2014-12-28 18:11:03,966 - Velocimacro : allowInlineLocal = false : VMs defined inline will be global in scope if allowed.
2014-12-28 18:11:03,966 - Velocimacro : autoload off : VM system will not automatically reload global library macros
2014-12-28 18:11:03,967 - ResourceManager : unable to find resource 'email/templates/shared/simple-layout.vm' in any resource loader.
2014-12-28 18:11:39,416 - Log4JLogChute initialized using file 'velocity.log'
2014-12-28 18:11:39,417 - Initializing Velocity, Calling init()...
2014-12-28 18:11:39,417 - Starting Apache Velocity v1.7 (compiled: 2010-11-19 12:14:37)
2014-12-28 18:11:39,417 - Default Properties File: org\apache\velocity\runtime\defaults\velocity.properties
2014-12-28 18:11:39,417 - Trying to use logger class org.apache.velocity.runtime.log.AvalonLogChute
2014-12-28 18:11:39,417 - Target log system for org.apache.velocity.runtime.log.AvalonLogChute is not available (java.lang.NoClassDefFoundError: org/apache/log/format/Formatter).  Falling back to next log system...
2014-12-28 18:11:39,417 - Trying to use logger class org.apache.velocity.runtime.log.Log4JLogChute
2014-12-28 18:11:39,417 - Using logger class org.apache.velocity.runtime.log.Log4JLogChute
2014-12-28 18:11:39,420 - ResourceLoader instantiated: org.apache.velocity.runtime.resource.loader.ClasspathResourceLoader
2014-12-28 18:11:39,434 - ResourceCache: initialized (class org.apache.velocity.runtime.resource.ResourceCacheImpl) with class java.util.Collections$SynchronizedMap cache map.
2014-12-28 18:11:39,436 - Loaded System Directive: org.apache.velocity.runtime.directive.Stop
2014-12-28 18:11:39,437 - Loaded System Directive: org.apache.velocity.runtime.directive.Define
2014-12-28 18:11:39,438 - Loaded System Directive: org.apache.velocity.runtime.directive.Break
2014-12-28 18:11:39,439 - Loaded System Directive: org.apache.velocity.runtime.directive.Evaluate
2014-12-28 18:11:39,439 - Loaded System Directive: org.apache.velocity.runtime.directive.Literal
2014-12-28 18:11:39,441 - Loaded System Directive: org.apache.velocity.runtime.directive.Macro
2014-12-28 18:11:39,442 - Loaded System Directive: org.apache.velocity.runtime.directive.Parse
2014-12-28 18:11:39,444 - Loaded System Directive: org.apache.velocity.runtime.directive.Include
2014-12-28 18:11:39,445 - Loaded System Directive: org.apache.velocity.runtime.directive.Foreach
2014-12-28 18:11:39,475 - Created '20' parsers.
2014-12-28 18:11:39,486 - Velocimacro : "velocimacro.library" is not set.  Trying default library: VM_global_library.vm
2014-12-28 18:11:39,487 - Velocimacro : adding VMs from VM library : VM_global_library.vm
2014-12-28 18:11:39,492 - ResourceManager : found VM_global_library.vm with loader org.apache.velocity.runtime.resource.loader.ClasspathResourceLoader
2014-12-28 18:11:39,493 - Velocimacro : allowInline = true : VMs can be defined inline in templates
2014-12-28 18:11:39,493 - Velocimacro : allowInlineToOverride = false : VMs defined inline may NOT replace previous VM definitions
2014-12-28 18:11:39,493 - Velocimacro : allowInlineLocal = false : VMs defined inline will be global in scope if allowed.
2014-12-28 18:11:39,493 - Velocimacro : autoload off : VM system will not automatically reload global library macros
2014-12-28 18:11:39,504 - ResourceManager : found email/templates/simple-layout.vm with loader org.apache.velocity.runtime.resource.loader.ClasspathResourceLoader
2014-12-28 18:11:39,513 - ResourceManager : found email/templates/shared/style-variables.vm with loader org.apache.velocity.runtime.resource.loader.ClasspathResourceLoader
2014-12-28 18:11:39,516 - ResourceManager : found email/templates/shared/common-header.vm with loader org.apache.velocity.runtime.resource.loader.ClasspathResourceLoader
2014-12-28 18:11:39,517 - ResourceManager : found email/templates/shared/partials/spacer-row.vm with loader org.apache.velocity.runtime.resource.loader.ClasspathResourceLoader
2014-12-28 18:11:39,518 - ResourceManager : found email/templates/shared/partials/separator.vm with loader org.apache.velocity.runtime.resource.loader.ClasspathResourceLoader
2014-12-28 18:11:39,519 - ResourceManager : found email/templates/shared/partials/spacer-row.vm with loader org.apache.velocity.runtime.resource.loader.ClasspathResourceLoader
2014-12-28 18:11:39,520 - ResourceManager : found email/templates/shared/partials/spacer-row.vm with loader org.apache.velocity.runtime.resource.loader.ClasspathResourceLoader
2014-12-28 18:11:39,522 - ResourceManager : found email/templates/user-created.vm with loader org.apache.velocity.runtime.resource.loader.ClasspathResourceLoader
2014-12-28 18:11:39,523 - ResourceManager : found email/templates/shared/partials/spacer-table.vm with loader org.apache.velocity.runtime.resource.loader.ClasspathResourceLoader
2014-12-28 18:11:39,523 - ResourceManager : found email/templates/shared/partials/spacer-table.vm with loader org.apache.velocity.runtime.resource.loader.ClasspathResourceLoader
2014-12-28 18:11:39,524 - ResourceManager : found email/templates/shared/partials/spacer-table.vm with loader org.apache.velocity.runtime.resource.loader.ClasspathResourceLoader
2014-12-28 18:11:39,525 - ResourceManager : found email/templates/shared/partials/spacer-row.vm with loader org.apache.velocity.runtime.resource.loader.ClasspathResourceLoader
2014-12-28 18:11:39,526 - ResourceManager : found email/templates/shared/partials/separator.vm with loader org.apache.velocity.runtime.resource.loader.ClasspathResourceLoader
2014-12-28 18:11:39,528 - ResourceManager : found email/templates/shared/common-footer.vm with loader org.apache.velocity.runtime.resource.loader.ClasspathResourceLoader
2014-12-28 18:11:39,529 - ResourceManager : found email/templates/shared/partials/spacer-row.vm with loader org.apache.velocity.runtime.resource.loader.ClasspathResourceLoader
2014-12-29 20:16:05,544 - Log4JLogChute initialized using file 'velocity.log'
2014-12-29 20:16:05,545 - Initializing Velocity, Calling init()...
2014-12-29 20:16:05,545 - Starting Apache Velocity v1.7 (compiled: 2010-11-19 12:14:37)
2014-12-29 20:16:05,545 - Default Properties File: org\apache\velocity\runtime\defaults\velocity.properties
2014-12-29 20:16:05,545 - Trying to use logger class org.apache.velocity.runtime.log.AvalonLogChute
2014-12-29 20:16:05,545 - Target log system for org.apache.velocity.runtime.log.AvalonLogChute is not available (java.lang.NoClassDefFoundError: org/apache/log/format/Formatter).  Falling back to next log system...
2014-12-29 20:16:05,545 - Trying to use logger class org.apache.velocity.runtime.log.Log4JLogChute
2014-12-29 20:16:05,545 - Using logger class org.apache.velocity.runtime.log.Log4JLogChute
2014-12-29 20:16:05,548 - ResourceLoader instantiated: org.apache.velocity.runtime.resource.loader.ClasspathResourceLoader
2014-12-29 20:16:05,563 - ResourceCache: initialized (class org.apache.velocity.runtime.resource.ResourceCacheImpl) with class java.util.Collections$SynchronizedMap cache map.
2014-12-29 20:16:05,565 - Loaded System Directive: org.apache.velocity.runtime.directive.Stop
2014-12-29 20:16:05,566 - Loaded System Directive: org.apache.velocity.runtime.directive.Define
2014-12-29 20:16:05,567 - Loaded System Directive: org.apache.velocity.runtime.directive.Break
2014-12-29 20:16:05,567 - Loaded System Directive: org.apache.velocity.runtime.directive.Evaluate
2014-12-29 20:16:05,568 - Loaded System Directive: org.apache.velocity.runtime.directive.Literal
2014-12-29 20:16:05,570 - Loaded System Directive: org.apache.velocity.runtime.directive.Macro
2014-12-29 20:16:05,572 - Loaded System Directive: org.apache.velocity.runtime.directive.Parse
2014-12-29 20:16:05,573 - Loaded System Directive: org.apache.velocity.runtime.directive.Include
2014-12-29 20:16:05,574 - Loaded System Directive: org.apache.velocity.runtime.directive.Foreach
2014-12-29 20:16:05,618 - Created '20' parsers.
2014-12-29 20:16:05,627 - Velocimacro : "velocimacro.library" is not set.  Trying default library: VM_global_library.vm
2014-12-29 20:16:05,628 - Velocimacro : adding VMs from VM library : VM_global_library.vm
2014-12-29 20:16:05,635 - ResourceManager : found VM_global_library.vm with loader org.apache.velocity.runtime.resource.loader.ClasspathResourceLoader
2014-12-29 20:16:05,635 - Velocimacro : allowInline = true : VMs can be defined inline in templates
2014-12-29 20:16:05,635 - Velocimacro : allowInlineToOverride = false : VMs defined inline may NOT replace previous VM definitions
2014-12-29 20:16:05,635 - Velocimacro : allowInlineLocal = false : VMs defined inline will be global in scope if allowed.
2014-12-29 20:16:05,635 - Velocimacro : autoload off : VM system will not automatically reload global library macros
2014-12-29 20:16:05,645 - ResourceManager : found email/templates/simple-layout.vm with loader org.apache.velocity.runtime.resource.loader.ClasspathResourceLoader
2014-12-29 20:16:05,653 - ResourceManager : found email/templates/shared/style-variables.vm with loader org.apache.velocity.runtime.resource.loader.ClasspathResourceLoader
2014-12-29 20:16:05,655 - ResourceManager : found email/templates/shared/common-header.vm with loader org.apache.velocity.runtime.resource.loader.ClasspathResourceLoader
2014-12-29 20:16:05,655 - ResourceManager : found email/templates/shared/partials/spacer-row.vm with loader org.apache.velocity.runtime.resource.loader.ClasspathResourceLoader
2014-12-29 20:16:05,656 - ResourceManager : found email/templates/shared/partials/separator.vm with loader org.apache.velocity.runtime.resource.loader.ClasspathResourceLoader
2014-12-29 20:16:05,657 - ResourceManager : found email/templates/shared/partials/spacer-row.vm with loader org.apache.velocity.runtime.resource.loader.ClasspathResourceLoader
2014-12-29 20:16:05,658 - ResourceManager : found email/templates/shared/partials/spacer-row.vm with loader org.apache.velocity.runtime.resource.loader.ClasspathResourceLoader
2014-12-29 20:16:05,660 - ResourceManager : found email/templates/user-created.vm with loader org.apache.velocity.runtime.resource.loader.ClasspathResourceLoader
2014-12-29 20:16:05,660 - ResourceManager : found email/templates/shared/partials/spacer-table.vm with loader org.apache.velocity.runtime.resource.loader.ClasspathResourceLoader
2014-12-29 20:16:05,661 - ResourceManager : found email/templates/shared/partials/spacer-table.vm with loader org.apache.velocity.runtime.resource.loader.ClasspathResourceLoader
2014-12-29 20:16:05,662 - ResourceManager : found email/templates/shared/partials/spacer-table.vm with loader org.apache.velocity.runtime.resource.loader.ClasspathResourceLoader
2014-12-29 20:16:05,662 - ResourceManager : found email/templates/shared/partials/spacer-row.vm with loader org.apache.velocity.runtime.resource.loader.ClasspathResourceLoader
2014-12-29 20:16:05,664 - ResourceManager : found email/templates/shared/partials/separator.vm with loader org.apache.velocity.runtime.resource.loader.ClasspathResourceLoader
2014-12-29 20:16:05,667 - ResourceManager : found email/templates/shared/common-footer.vm with loader org.apache.velocity.runtime.resource.loader.ClasspathResourceLoader
2014-12-29 20:16:05,668 - ResourceManager : found email/templates/shared/partials/spacer-row.vm with loader org.apache.velocity.runtime.resource.loader.ClasspathResourceLoader
